# JRE version: OpenJDK Runtime Environment JBR-17.0.9+7-1087.7-nomod (17.0.9+7) (build 17.0.9+7-b1087.7)
# Java VM: OpenJDK 64-Bit Server VM JBR-17.0.9+7-1087.7-nomod (17.0.9+7-b1087.7, mixed mode, tiered, compressed oops, compressed class ptrs, g1 gc, windows-amd64)
GC Precious Log:
 CPUs: 8 total, 8 available
 Memory: 12133M
 Large Page Support: Disabled
 NUMA Support: Disabled
 Compressed Oops: Enabled (Zero based)
 Heap Region Size: 2M
 Heap Min Capacity: 8M
 Heap Initial Capacity: 190M
 Heap Max Capacity: 3034M
 Pre-touch: Disabled
 Parallel Workers: 8
 Concurrent Workers: 2
 Concurrent Refinement Workers: 8
 Periodic GC: Disabled
Heap:
 garbage-first heap   total 155648K, used 75064K [0x0000000742600000, 0x0000000800000000)
  region size 2048K, 4 young (8192K), 2 survivors (4096K)
 Metaspace       used 29075K, committed 29248K, reserved 1114112K
  class space    used 3694K, committed 3776K, reserved 1048576K
GC Heap History (18 events):
Event: 0.564 GC heap before
{Heap before GC invocations=0 (full 0):
 garbage-first heap   total 194560K, used 20480K [0x0000000742600000, 0x0000000800000000)
  region size 2048K, 11 young (22528K), 0 survivors (0K)
 Metaspace       used 12833K, committed 12992K, reserved 1114112K
  class space    used 1317K, committed 1408K, reserved 1048576K
}
Event: 0.567 GC heap after
{Heap after GC invocations=1 (full 0):
 garbage-first heap   total 194560K, used 3103K [0x0000000742600000, 0x0000000800000000)
  region size 2048K, 2 young (4096K), 2 survivors (4096K)
 Metaspace       used 12833K, committed 12992K, reserved 1114112K
  class space    used 1317K, committed 1408K, reserved 1048576K
}
Event: 0.964 GC heap before
{Heap before GC invocations=1 (full 0):
 garbage-first heap   total 194560K, used 31775K [0x0000000742600000, 0x0000000800000000)
  region size 2048K, 14 young (28672K), 2 survivors (4096K)
 Metaspace       used 21352K, committed 21504K, reserved 1114112K
  class space    used 2343K, committed 2432K, reserved 1048576K
}
Event: 0.969 GC heap after
{Heap after GC invocations=2 (full 0):
 garbage-first heap   total 194560K, used 12944K [0x0000000742600000, 0x0000000800000000)
  region size 2048K, 3 young (6144K), 3 survivors (6144K)
 Metaspace       used 21352K, committed 21504K, reserved 1114112K
  class space    used 2343K, committed 2432K, reserved 1048576K
}
Event: 1.268 GC heap before
{Heap before GC invocations=3 (full 0):
 garbage-first heap   total 55296K, used 43664K [0x0000000742600000, 0x0000000800000000)
  region size 2048K, 7 young (14336K), 3 survivors (6144K)
 Metaspace       used 22973K, committed 23232K, reserved 1114112K
  class space    used 2605K, committed 2752K, reserved 1048576K
}
Event: 1.273 GC heap after
{Heap after GC invocations=4 (full 0):
 garbage-first heap   total 57344K, used 39822K [0x0000000742600000, 0x0000000800000000)
  region size 2048K, 5 young (10240K), 5 survivors (10240K)
 Metaspace       used 22973K, committed 23232K, reserved 1114112K
  class space    used 2605K, committed 2752K, reserved 1048576K
}
Event: 1.293 GC heap before
{Heap before GC invocations=4 (full 0):
 garbage-first heap   total 57344K, used 43918K [0x0000000742600000, 0x0000000800000000)
  region size 2048K, 6 young (12288K), 5 survivors (10240K)
 Metaspace       used 23009K, committed 23232K, reserved 1114112K
  class space    used 2606K, committed 2752K, reserved 1048576K
}
Event: 1.297 GC heap after
{Heap after GC invocations=5 (full 0):
 garbage-first heap   total 61440K, used 44635K [0x0000000742600000, 0x0000000800000000)
  region size 2048K, 1 young (2048K), 1 survivors (2048K)
 Metaspace       used 23009K, committed 23232K, reserved 1114112K
  class space    used 2606K, committed 2752K, reserved 1048576K
}
Event: 1.304 GC heap before
{Heap before GC invocations=5 (full 0):
 garbage-first heap   total 61440K, used 46683K [0x0000000742600000, 0x0000000800000000)
  region size 2048K, 2 young (4096K), 1 survivors (2048K)
 Metaspace       used 23038K, committed 23360K, reserved 1114112K
  class space    used 2606K, committed 2752K, reserved 1048576K
}
Event: 1.304 GC heap after
{Heap after GC invocations=6 (full 0):
 garbage-first heap   total 61440K, used 45874K [0x0000000742600000, 0x0000000800000000)
  region size 2048K, 1 young (2048K), 1 survivors (2048K)
 Metaspace       used 23038K, committed 23360K, reserved 1114112K
  class space    used 2606K, committed 2752K, reserved 1048576K
}
Event: 1.318 GC heap before
{Heap before GC invocations=7 (full 0):
 garbage-first heap   total 90112K, used 47922K [0x0000000742600000, 0x0000000800000000)
  region size 2048K, 2 young (4096K), 1 survivors (2048K)
 Metaspace       used 23087K, committed 23360K, reserved 1114112K
  class space    used 2612K, committed 2752K, reserved 1048576K
}
Event: 1.318 GC heap after
{Heap after GC invocations=8 (full 0):
 garbage-first heap   total 90112K, used 47851K [0x0000000742600000, 0x0000000800000000)
  region size 2048K, 1 young (2048K), 1 survivors (2048K)
 Metaspace       used 23087K, committed 23360K, reserved 1114112K
  class space    used 2612K, committed 2752K, reserved 1048576K
}
Event: 1.340 GC heap before
{Heap before GC invocations=9 (full 0):
 garbage-first heap   total 92160K, used 51947K [0x0000000742600000, 0x0000000800000000)
  region size 2048K, 2 young (4096K), 1 survivors (2048K)
 Metaspace       used 23106K, committed 23360K, reserved 1114112K
  class space    used 2612K, committed 2752K, reserved 1048576K
}
Event: 1.340 GC heap after
{Heap after GC invocations=10 (full 0):
 garbage-first heap   total 92160K, used 51978K [0x0000000742600000, 0x0000000800000000)
  region size 2048K, 1 young (2048K), 1 survivors (2048K)
 Metaspace       used 23106K, committed 23360K, reserved 1114112K
  class space    used 2612K, committed 2752K, reserved 1048576K
}
Event: 1.361 GC heap before
{Heap before GC invocations=11 (full 0):
 garbage-first heap   total 100352K, used 56074K [0x0000000742600000, 0x0000000800000000)
  region size 2048K, 2 young (4096K), 1 survivors (2048K)
 Metaspace       used 23134K, committed 23360K, reserved 1114112K
  class space    used 2612K, committed 2752K, reserved 1048576K
}
Event: 1.362 GC heap after
{Heap after GC invocations=12 (full 0):
 garbage-first heap   total 155648K, used 56121K [0x0000000742600000, 0x0000000800000000)
  region size 2048K, 1 young (2048K), 1 survivors (2048K)
 Metaspace       used 23134K, committed 23360K, reserved 1114112K
  class space    used 2612K, committed 2752K, reserved 1048576K
}
Event: 1.912 GC heap before
{Heap before GC invocations=12 (full 0):
 garbage-first heap   total 155648K, used 95033K [0x0000000742600000, 0x0000000800000000)
  region size 2048K, 15 young (30720K), 1 survivors (2048K)
 Metaspace       used 28770K, committed 28992K, reserved 1114112K
  class space    used 3656K, committed 3776K, reserved 1048576K
}
Event: 1.915 GC heap after
{Heap after GC invocations=13 (full 0):
 garbage-first heap   total 155648K, used 70968K [0x0000000742600000, 0x0000000800000000)
  region size 2048K, 2 young (4096K), 2 survivors (4096K)
 Metaspace       used 28770K, committed 28992K, reserved 1114112K
  class space    used 3656K, committed 3776K, reserved 1048576K
}

